03-Jan-2013 21:20:07 - INFO    :: MainThread : Checking to see if the database has all tables....
03-Jan-2013 21:20:07 - INFO    :: MainThread : Populating Base Exception listings into Mylar....
03-Jan-2013 21:20:07 - ERROR   :: MainThread : No Custom Exceptions found. Using base exceptions only.
03-Jan-2013 21:20:07 - DEBUG   :: MainThread : Trying to execute: "git rev-parse HEAD" with shell in C:\Users\Ahnatar\Downloads\mylar
03-Jan-2013 21:20:07 - DEBUG   :: MainThread : Git output: dde3e08f9b629eb2c79e11e296b7b2cc59624591

03-Jan-2013 21:20:07 - INFO    :: MainThread : Retrieving latest version information from github
03-Jan-2013 21:20:08 - INFO    :: MainThread : Comparing currently installed version with latest github version
03-Jan-2013 21:20:09 - WARNING :: MainThread : Could not get commits behind from github
03-Jan-2013 21:20:10 - INFO    :: MainThread : Starting Mylar on port: 8090
03-Jan-2013 21:25:11 - INFO    :: MainThread : Received signal: restart
03-Jan-2013 21:25:21 - INFO    :: MainThread : Mylar is restarting...
03-Jan-2013 21:25:21 - INFO    :: MainThread : Restarting Mylar with ['C:\\Python27\\python.exe', 'C:\\Users\\Ahnatar\\Downloads\\mylar\\Mylar.py', '--nolaunch']
03-Jan-2013 21:25:21 - INFO    :: MainThread : Checking to see if the database has all tables....
03-Jan-2013 21:25:21 - INFO    :: MainThread : Populating Base Exception listings into Mylar....
03-Jan-2013 21:25:21 - ERROR   :: MainThread : No Custom Exceptions found. Using base exceptions only.
03-Jan-2013 21:25:21 - DEBUG   :: MainThread : Trying to execute: "git rev-parse HEAD" with shell in C:\Users\Ahnatar\Downloads\mylar
03-Jan-2013 21:25:21 - DEBUG   :: MainThread : Git output: dde3e08f9b629eb2c79e11e296b7b2cc59624591

03-Jan-2013 21:25:21 - INFO    :: MainThread : Retrieving latest version information from github
03-Jan-2013 21:25:23 - INFO    :: MainThread : Comparing currently installed version with latest github version
03-Jan-2013 21:25:23 - WARNING :: MainThread : Could not get commits behind from github
03-Jan-2013 21:25:25 - INFO    :: MainThread : Starting Mylar on port: 8090
03-Jan-2013 21:26:46 - INFO    :: Thread-12 : Now adding/updating: DC Comics The New 52
03-Jan-2013 21:26:47 - INFO    :: Thread-12 : There was an error when trying to add DC Comics The New 52 (2012)
03-Jan-2013 21:33:18 - INFO    :: CP Server Thread-9 : No pullist found...I'm going to try and get a new list now.
03-Jan-2013 21:33:35 - INFO    :: CP Server Thread-8 : No directory found - So I created one at: None
03-Jan-2013 21:34:15 - INFO    :: CP Server Thread-6 : Deleting all traces of Comic: Comic ID: 44267
03-Jan-2013 21:39:58 - INFO    :: MainThread : Received signal: restart
03-Jan-2013 21:40:08 - INFO    :: MainThread : Mylar is restarting...
03-Jan-2013 21:40:08 - INFO    :: MainThread : Restarting Mylar with ['C:\\Python27\\python.exe', 'C:\\Users\\Ahnatar\\Downloads\\mylar\\Mylar.py', '--nolaunch']
03-Jan-2013 21:40:08 - INFO    :: MainThread : Checking to see if the database has all tables....
03-Jan-2013 21:40:08 - INFO    :: MainThread : Populating Base Exception listings into Mylar....
03-Jan-2013 21:40:08 - ERROR   :: MainThread : No Custom Exceptions found. Using base exceptions only.
03-Jan-2013 21:40:08 - DEBUG   :: MainThread : Trying to execute: "git rev-parse HEAD" with shell in C:\Users\Ahnatar\Downloads\mylar
03-Jan-2013 21:40:08 - DEBUG   :: MainThread : Git output: 91e1306157b760b6fe99624116c4c1d852ecafd6

03-Jan-2013 21:40:08 - INFO    :: MainThread : Retrieving latest version information from github
03-Jan-2013 21:40:09 - INFO    :: MainThread : Comparing currently installed version with latest github version
03-Jan-2013 21:40:10 - WARNING :: MainThread : Could not get commits behind from github
03-Jan-2013 21:40:11 - INFO    :: MainThread : Starting Mylar on port: 8090
03-Jan-2013 21:42:36 - INFO    :: Thread-12 : Now adding/updating: Batman: Arkham Unhinged
03-Jan-2013 21:42:38 - INFO    :: Thread-12 : Sucessfully retrieved details for Batman: Arkham Unhinged
03-Jan-2013 21:42:38 - INFO    :: Thread-12 : Directory successfully created at: c:\Comics/Artist/Album [Year]
03-Jan-2013 21:42:39 - INFO    :: Thread-12 : Sucessfully retrieved cover for Batman: Arkham Unhinged
03-Jan-2013 21:42:39 - INFO    :: Thread-12 : Sucessfully retrieved issue details for Batman: Arkham Unhinged
03-Jan-2013 21:42:39 - INFO    :: Thread-12 : Now adding/updating issues for Batman: Arkham Unhinged
03-Jan-2013 21:42:39 - INFO    :: Thread-12 : Checking directory for existing issues.
03-Jan-2013 21:42:39 - INFO    :: Thread-12 : Now checking files for Batman: Arkham Unhinged (2012) in c:\Comics/Artist/Album [Year]
03-Jan-2013 21:42:39 - INFO    :: Thread-12 : I've found 0 / 9 issues.
03-Jan-2013 21:42:39 - INFO    :: Thread-12 : Updating complete for: Batman: Arkham Unhinged
03-Jan-2013 21:42:39 - INFO    :: Thread-12 : Checking this week's pullist for new issues of Batman: Arkham Unhinged
03-Jan-2013 21:42:39 - ERROR   :: Thread-12 : Database error: no such table: weekly
03-Jan-2013 21:46:12 - DEBUG   :: CP Server Thread-4 : Refreshing comics: ['47791']
03-Jan-2013 21:49:04 - INFO    :: Thread-13 : Now adding/updating: Batman
03-Jan-2013 21:49:10 - INFO    :: Thread-13 : Sucessfully retrieved details for Batman
03-Jan-2013 21:49:10 - INFO    :: Thread-13 : Directory (c:\Comics/Artist/Album [Year]) already exists! Continuing...
03-Jan-2013 21:49:11 - INFO    :: Thread-13 : Sucessfully retrieved cover for Batman
03-Jan-2013 21:49:11 - INFO    :: Thread-13 : Sucessfully retrieved issue details for Batman
03-Jan-2013 21:49:11 - INFO    :: Thread-13 : Now adding/updating issues for Batman
03-Jan-2013 21:49:11 - INFO    :: Thread-13 : Checking directory for existing issues.
03-Jan-2013 21:49:11 - INFO    :: Thread-13 : Now checking files for Batman (2012) in c:\Comics/Artist/Album [Year]
03-Jan-2013 21:49:11 - INFO    :: Thread-13 : I've found 0 / 7 issues.
03-Jan-2013 21:49:11 - INFO    :: Thread-13 : Updating complete for: Batman
03-Jan-2013 21:49:11 - INFO    :: Thread-13 : Checking this week's pullist for new issues of Batman
03-Jan-2013 21:49:11 - ERROR   :: Thread-13 : Database error: no such table: weekly
03-Jan-2013 21:51:35 - INFO    :: CP Server Thread-10 : No pullist found...I'm going to try and get a new list now.
03-Jan-2013 21:57:54 - INFO    :: CP Server Thread-11 : No pullist found...I'm going to try and get a new list now.
03-Jan-2013 21:58:55 - INFO    :: MainThread : Received signal: restart
03-Jan-2013 21:59:06 - INFO    :: MainThread : Mylar is restarting...
03-Jan-2013 21:59:06 - INFO    :: MainThread : Restarting Mylar with ['C:\\Python27\\python.exe', 'C:\\Users\\Ahnatar\\Downloads\\mylar\\Mylar.py', '--nolaunch']
03-Jan-2013 21:59:06 - INFO    :: MainThread : Checking to see if the database has all tables....
03-Jan-2013 21:59:07 - INFO    :: MainThread : Populating Base Exception listings into Mylar....
03-Jan-2013 21:59:07 - ERROR   :: MainThread : No Custom Exceptions found. Using base exceptions only.
03-Jan-2013 21:59:07 - DEBUG   :: MainThread : Trying to execute: "git rev-parse HEAD" with shell in C:\Users\Ahnatar\Downloads\mylar
03-Jan-2013 21:59:07 - DEBUG   :: MainThread : Git output: 35bd7ae656f3a9aff2506354b572139136a8e599

03-Jan-2013 21:59:07 - INFO    :: MainThread : Retrieving latest version information from github
03-Jan-2013 21:59:08 - INFO    :: MainThread : Comparing currently installed version with latest github version
03-Jan-2013 21:59:10 - WARNING :: MainThread : Could not get commits behind from github
03-Jan-2013 21:59:12 - INFO    :: MainThread : Starting Mylar on port: 8090
03-Jan-2013 22:04:07 - INFO    :: CP Server Thread-10 : No pullist found...I'm going to try and get a new list now.
03-Jan-2013 22:06:08 - INFO    :: CP Server Thread-11 : No pullist found...I'm going to try and get a new list now.
03-Jan-2013 22:19:35 - INFO    :: CP Server Thread-2 : No pullist found...I'm going to try and get a new list now.
03-Jan-2013 22:25:14 - INFO    :: MainThread : Received signal: shutdown
03-Jan-2013 22:25:24 - INFO    :: MainThread : Mylar is shutting down...
03-Jan-2013 22:27:46 - INFO    :: MainThread : Checking to see if the database has all tables....
03-Jan-2013 22:27:46 - INFO    :: MainThread : Populating Base Exception listings into Mylar....
03-Jan-2013 22:27:46 - ERROR   :: MainThread : No Custom Exceptions found. Using base exceptions only.
03-Jan-2013 22:27:46 - DEBUG   :: MainThread : Trying to execute: "git rev-parse HEAD" with shell in C:\Users\Ahnatar\Downloads\mylar
03-Jan-2013 22:27:47 - DEBUG   :: MainThread : Git output: 5ac77fc2d45df3eaa8723c8b9e2292285f41c40e

03-Jan-2013 22:27:47 - INFO    :: MainThread : Retrieving latest version information from github
03-Jan-2013 22:27:48 - INFO    :: MainThread : Comparing currently installed version with latest github version
03-Jan-2013 22:27:48 - WARNING :: MainThread : Could not get commits behind from github
03-Jan-2013 22:27:49 - INFO    :: MainThread : Starting Mylar on port: 8090
03-Jan-2013 22:27:55 - INFO    :: CP Server Thread-4 : No pullist found...I'm going to try and get a new list now.
03-Jan-2013 22:29:06 - INFO    :: CP Server Thread-11 : No pullist found...I'm going to try and get a new list now.
03-Jan-2013 22:29:17 - INFO    :: CP Server Thread-11 : No pullist found...I'm going to try and get a new list now.
03-Jan-2013 22:30:58 - INFO    :: CP Server Thread-2 : No pullist found...I'm going to try and get a new list now.
03-Jan-2013 22:31:18 - INFO    :: CP Server Thread-5 : Retrieving latest version information from github
03-Jan-2013 22:31:19 - INFO    :: CP Server Thread-5 : Comparing currently installed version with latest github version
03-Jan-2013 22:31:19 - WARNING :: CP Server Thread-5 : Could not get commits behind from github
